\BOOKMARK [0][-]{chapter*.1}{Abstract}{}% 1
\BOOKMARK [0][-]{chapter*.3}{List of Figures}{}% 2
\BOOKMARK [0][-]{chapter*.4}{List of Tables}{}% 3
\BOOKMARK [0][-]{chapter.1}{Introduction}{}% 4
\BOOKMARK [1][-]{section.1.1}{A Little Intro to Bioinformatics and Genomics}{chapter.1}% 5
\BOOKMARK [1][-]{section.1.2}{Why Learn and Apply Genomics?}{chapter.1}% 6
\BOOKMARK [1][-]{section.1.3}{What is Genome Analysis?}{chapter.1}% 7
\BOOKMARK [1][-]{section.1.4}{The Main Ideas}{chapter.1}% 8
\BOOKMARK [1][-]{section.1.5}{Genomic Approaches}{chapter.1}% 9
\BOOKMARK [0][-]{chapter.2}{Genomic Data and Databases}{}% 10
\BOOKMARK [1][-]{section.2.1}{What Are Genomic Data?}{chapter.2}% 11
\BOOKMARK [1][-]{section.2.2}{Genomic Databases}{chapter.2}% 12
\BOOKMARK [1][-]{section.2.3}{Specific Organism Databases and the GMOD Project}{chapter.2}% 13
\BOOKMARK [1][-]{section.2.4}{Human Genome Databases}{chapter.2}% 14
\BOOKMARK [1][-]{section.2.5}{The Main Three Databases}{chapter.2}% 15
\BOOKMARK [1][-]{section.2.6}{Genome Browsers}{chapter.2}% 16
\BOOKMARK [2][-]{subsection.2.6.1}{UCSC Genome Browser}{section.2.6}% 17
\BOOKMARK [2][-]{subsection.2.6.2}{Gbrowse}{section.2.6}% 18
\BOOKMARK [2][-]{subsection.2.6.3}{Ensembl}{section.2.6}% 19
\BOOKMARK [2][-]{subsection.2.6.4}{Specialised Browsers}{section.2.6}% 20
\BOOKMARK [0][-]{chapter.3}{Genomics Application}{}% 21
\BOOKMARK [1][-]{section.3.1}{Role of Genomics in Clinical Microbiology}{chapter.3}% 22
\BOOKMARK [1][-]{section.3.2}{The Clinical Applications of Genomic Technologies}{chapter.3}% 23
\BOOKMARK [2][-]{subsection.3.2.1}{Gene discovery and diagnosis of rare monogenic disorders}{section.3.2}% 24
\BOOKMARK [2][-]{subsection.3.2.2}{Identification and diagnosis of genetic factors contributing to common disease}{section.3.2}% 25
\BOOKMARK [2][-]{subsection.3.2.3}{Pharmacogenetics and targeted therapy}{section.3.2}% 26
\BOOKMARK [2][-]{subsection.3.2.4}{Prenatal diagnosis and testing}{section.3.2}% 27
\BOOKMARK [2][-]{subsection.3.2.5}{Infectious diseases}{section.3.2}% 28
\BOOKMARK [2][-]{subsection.3.2.6}{Personalised medicine}{section.3.2}% 29
\BOOKMARK [2][-]{subsection.3.2.7}{Gene therapy}{section.3.2}% 30
\BOOKMARK [2][-]{subsection.3.2.8}{Genome editing}{section.3.2}% 31
\BOOKMARK [2][-]{subsection.3.2.9}{Design of new antimicrobial agents and vaccines}{section.3.2}% 32
\BOOKMARK [0][-]{chapter.4}{Tools for Genomic Data Analysis}{}% 33
\BOOKMARK [1][-]{section.4.1}{Basic Local Alignment Search Tool\(BLAST\)}{chapter.4}% 34
\BOOKMARK [1][-]{section.4.2}{FastQC}{chapter.4}% 35
\BOOKMARK [1][-]{section.4.3}{MultiQC}{chapter.4}% 36
\BOOKMARK [1][-]{section.4.4}{R Programming}{chapter.4}% 37
\BOOKMARK [1][-]{section.4.5}{Python}{chapter.4}% 38
\BOOKMARK [1][-]{section.4.6}{Biopython}{chapter.4}% 39
\BOOKMARK [1][-]{section.4.7}{Sciki-bio}{chapter.4}% 40
\BOOKMARK [1][-]{section.4.8}{Bioconductor}{chapter.4}% 41
\BOOKMARK [0][-]{chapter.5}{Genomic Data Analysis Methods}{}% 42
\BOOKMARK [1][-]{section.5.1}{Steps of Genomic Data Analysis}{chapter.5}% 43
\BOOKMARK [2][-]{subsection.5.1.1}{Data collection}{section.5.1}% 44
\BOOKMARK [2][-]{subsection.5.1.2}{Data quality check and cleaning}{section.5.1}% 45
\BOOKMARK [2][-]{subsection.5.1.3}{Data processing}{section.5.1}% 46
\BOOKMARK [2][-]{subsection.5.1.4}{Exploratory data analysis and modeling}{section.5.1}% 47
\BOOKMARK [2][-]{subsection.5.1.5}{Visualization and reporting}{section.5.1}% 48
\BOOKMARK [0][-]{chapter.6}{Analyzing Genomic Sequences}{}% 49
\BOOKMARK [1][-]{section.6.1}{Sequence Alignment}{chapter.6}% 50
\BOOKMARK [2][-]{subsection.6.1.1}{Classic alignment algorithms}{section.6.1}% 51
\BOOKMARK [2][-]{subsection.6.1.2}{Comparative genomics}{section.6.1}% 52
\BOOKMARK [1][-]{section.6.2}{Preprocessing Sequencing Data}{chapter.6}% 53
\BOOKMARK [2][-]{subsection.6.2.1}{Quality control of sequencing data}{section.6.2}% 54
\BOOKMARK [2][-]{subsection.6.2.2}{Adapter and quality trimming}{section.6.2}% 55
\BOOKMARK [2][-]{subsection.6.2.3}{Filtering contamination}{section.6.2}% 56
\BOOKMARK [1][-]{section.6.3}{Mapping Sequencing Data}{chapter.6}% 57
\BOOKMARK [2][-]{subsection.6.3.1}{Goals and problems of short reads alignment}{section.6.3}% 58
\BOOKMARK [2][-]{subsection.6.3.2}{Alignment file formats}{section.6.3}% 59
\BOOKMARK [2][-]{subsection.6.3.3}{Short read alignment}{section.6.3}% 60
\BOOKMARK [2][-]{subsection.6.3.4}{Variation calling}{section.6.3}% 61
\BOOKMARK [1][-]{section.6.4}{QC using read alignment}{chapter.6}% 62
\BOOKMARK [2][-]{subsection.6.4.1}{Long error-prone read alignment}{section.6.4}% 63
\BOOKMARK [2][-]{subsection.6.4.2}{De Novo Genome Assembly}{section.6.4}% 64
\BOOKMARK [2][-]{subsection.6.4.3}{De novo assembly using long reads}{section.6.4}% 65
\BOOKMARK [2][-]{subsection.6.4.4}{De novo assembly using short reads}{section.6.4}% 66
\BOOKMARK [0][-]{chapter*.10}{Refrences}{}% 67
\BOOKMARK [0][-]{chapter*.11}{Typesetting Credits}{}% 68
